Arguments: 
  /usr/bin/node /usr/share/yarn/bin/yarn.js install --check

PATH: 
  /usr/local/bundle/bin:/usr/local/sbin:/usr/local/bin:/usr/sbin:/usr/bin:/sbin:/bin

Yarn version: 
  1.22.19

Node version: 
  18.13.0

Platform: 
  linux arm64

Trace: 
  Error: ENOENT: no such file or directory, lstat '/app/node_modules/@jridgewell/set-array/package.json'

npm manifest: 
  {
    "name": "app",
    "private": "true",
    "dependencies": {
      "@hotwired/stimulus": "^3.2.2",
      "@hotwired/turbo-rails": "^7.3.0",
      "@rails/request.js": "^0.0.8",
      "autoprefixer": "^10.4.15",
      "esbuild": "^0.19.2",
      "flowbite": "^1.8.1",
      "postcss": "^8.4.29",
      "stimulus-use": "^0.52.0",
      "tailwindcss": "^3.3.3"
    },
    "scripts": {
      "build": "esbuild app/javascript/*.* --bundle --sourcemap --outdir=app/assets/builds --public-path=/assets",
      "build:css": "tailwindcss -i ./app/assets/stylesheets/application.tailwind.css -o ./app/assets/builds/application.css --minify"
    },
    "devDependencies": {
      "@tailwindcss/forms": "^0.5.6",
      "@tailwindcss/typography": "^0.5.10"
    }
  }

yarn manifest: 
  No manifest

Lockfile: 
  No lockfile
