Sentry HTTP Transport will connect to https://o59326.ingest.sentry.io
Initializing the background worker with 4 threads
Sentry HTTP Transport will connect to https://o59326.ingest.sentry.io
Initializing the background worker with 4 threads
  [1m[35m (132.0ms)[0m  [1m[35mCREATE DATABASE "mech_cool_development" ENCODING = 'unicode'[0m
  [1m[35m (6.0ms)[0m  [1m[35mCREATE TABLE "schema_migrations" ("version" character varying NOT NULL PRIMARY KEY)[0m
  [1m[35m (11.7ms)[0m  [1m[35mCREATE TABLE "ar_internal_metadata" ("key" character varying NOT NULL PRIMARY KEY, "value" character varying, "created_at" timestamptz(6) NOT NULL, "updated_at" timestamptz(6) NOT NULL)[0m
  [1m[35m (0.5ms)[0m  [1m[34mSELECT pg_try_advisory_lock(5207276178579407100)[0m
  [1m[36mActiveRecord::SchemaMigration Pluck (0.4ms)[0m  [1m[34mSELECT "schema_migrations"."version" FROM "schema_migrations" ORDER BY "schema_migrations"."version" ASC[0m
  [1m[36mActiveRecord::InternalMetadata Load (0.7ms)[0m  [1m[34mSELECT "ar_internal_metadata".* FROM "ar_internal_metadata" WHERE "ar_internal_metadata"."key" = $1 LIMIT $2[0m  [["key", "environment"], ["LIMIT", 1]]
  [1m[36mTRANSACTION (0.2ms)[0m  [1m[35mBEGIN[0m
  [1m[36mActiveRecord::InternalMetadata Create (0.7ms)[0m  [1m[32mINSERT INTO "ar_internal_metadata" ("key", "value", "created_at", "updated_at") VALUES ($1, $2, $3, $4) RETURNING "key"[0m  [["key", "environment"], ["value", "development"], ["created_at", "2024-01-28 12:30:42.781139"], ["updated_at", "2024-01-28 12:30:42.781139"]]
  [1m[36mTRANSACTION (1.8ms)[0m  [1m[35mCOMMIT[0m
  [1m[35m (0.5ms)[0m  [1m[34mSELECT pg_advisory_unlock(5207276178579407100)[0m
  [1m[35m (87.7ms)[0m  [1m[35mCREATE DATABASE "mech_cool_test" ENCODING = 'unicode'[0m
  [1m[35m (4.9ms)[0m  [1m[35mCREATE TABLE "schema_migrations" ("version" character varying NOT NULL PRIMARY KEY)[0m
  [1m[35m (4.7ms)[0m  [1m[35mCREATE TABLE "ar_internal_metadata" ("key" character varying NOT NULL PRIMARY KEY, "value" character varying, "created_at" timestamptz(6) NOT NULL, "updated_at" timestamptz(6) NOT NULL)[0m
  [1m[35m (0.3ms)[0m  [1m[34mSELECT pg_try_advisory_lock(1414928768062165125)[0m
  [1m[36mActiveRecord::SchemaMigration Pluck (0.3ms)[0m  [1m[34mSELECT "schema_migrations"."version" FROM "schema_migrations" ORDER BY "schema_migrations"."version" ASC[0m
  [1m[36mActiveRecord::InternalMetadata Load (0.1ms)[0m  [1m[34mSELECT "ar_internal_metadata".* FROM "ar_internal_metadata" WHERE "ar_internal_metadata"."key" = $1 LIMIT $2[0m  [["key", "environment"], ["LIMIT", 1]]
  [1m[36mTRANSACTION (0.1ms)[0m  [1m[35mBEGIN[0m
  [1m[36mActiveRecord::InternalMetadata Create (0.4ms)[0m  [1m[32mINSERT INTO "ar_internal_metadata" ("key", "value", "created_at", "updated_at") VALUES ($1, $2, $3, $4) RETURNING "key"[0m  [["key", "environment"], ["value", "test"], ["created_at", "2024-01-28 12:30:43.016847"], ["updated_at", "2024-01-28 12:30:43.016847"]]
  [1m[36mTRANSACTION (0.5ms)[0m  [1m[35mCOMMIT[0m
  [1m[35m (0.2ms)[0m  [1m[34mSELECT pg_advisory_unlock(1414928768062165125)[0m
Shutting down background worker
Killing session flusher
Sentry HTTP Transport will connect to https://o59326.ingest.sentry.io
Initializing the background worker with 4 threads
Started GET "/" for 172.18.0.1 at 2024-01-28 12:31:03 +0000
[Tracing] Starting <http.server> transaction </>
Cannot render console from 172.18.0.1! Allowed networks: 127.0.0.0/127.255.255.255, ::1
  [1m[36mActiveRecord::SchemaMigration Pluck (0.3ms)[0m  [1m[34mSELECT "schema_migrations"."version" FROM "schema_migrations" ORDER BY "schema_migrations"."version" ASC[0m
  
NameError (uninitialized constant ApplicationHelper::ViewPriceFormatHelper):
  
app/helpers/application_helper.rb:3:in `<module:ApplicationHelper>'
app/helpers/application_helper.rb:1:in `<main>'
app/controllers/application_controller.rb:1:in `<main>'
app/controllers/pages_controller.rb:1:in `<main>'
[Transport] Sending envelope with items [event] 1e250f3e38ac4a7bbdf485c1d41600c2 to Sentry
[Transport] Sending envelope with items [transaction] fda761c5a85a436c8231cc197ad5f9be to Sentry
[Transport] Sending envelope with items [sessions]  to Sentry
Started GET "/" for 172.18.0.1 at 2024-01-28 12:32:09 +0000
[Tracing] Starting <http.server> transaction </>
Cannot render console from 172.18.0.1! Allowed networks: 127.0.0.0/127.255.255.255, ::1
  
AbstractController::ActionNotFound (The action 'home' could not be found for PagesController):
  
actionpack (7.0.8) lib/abstract_controller/base.rb:146:in `process'
actionview (7.0.8) lib/action_view/rendering.rb:39:in `process'
actionpack (7.0.8) lib/action_controller/metal.rb:188:in `dispatch'
actionpack (7.0.8) lib/action_controller/metal.rb:251:in `dispatch'
actionpack (7.0.8) lib/action_dispatch/routing/route_set.rb:49:in `dispatch'
actionpack (7.0.8) lib/action_dispatch/routing/route_set.rb:32:in `serve'
actionpack (7.0.8) lib/action_dispatch/journey/router.rb:50:in `block in serve'
actionpack (7.0.8) lib/action_dispatch/journey/router.rb:32:in `each'
actionpack (7.0.8) lib/action_dispatch/journey/router.rb:32:in `serve'
actionpack (7.0.8) lib/action_dispatch/routing/route_set.rb:852:in `call'
actionpack (7.0.8) lib/action_dispatch/middleware/static.rb:23:in `call'
rack (2.2.8) lib/rack/static.rb:161:in `call'
warden (1.2.9) lib/warden/manager.rb:36:in `block in call'
warden (1.2.9) lib/warden/manager.rb:34:in `catch'
warden (1.2.9) lib/warden/manager.rb:34:in `call'
rack (2.2.8) lib/rack/tempfile_reaper.rb:15:in `call'
rack (2.2.8) lib/rack/etag.rb:27:in `call'
rack (2.2.8) lib/rack/conditional_get.rb:27:in `call'
rack (2.2.8) lib/rack/head.rb:12:in `call'
actionpack (7.0.8) lib/action_dispatch/http/permissions_policy.rb:38:in `call'
actionpack (7.0.8) lib/action_dispatch/http/content_security_policy.rb:36:in `call'
rack (2.2.8) lib/rack/session/abstract/id.rb:266:in `context'
rack (2.2.8) lib/rack/session/abstract/id.rb:260:in `call'
actionpack (7.0.8) lib/action_dispatch/middleware/cookies.rb:704:in `call'
activerecord (7.0.8) lib/active_record/migration.rb:638:in `call'
actionpack (7.0.8) lib/action_dispatch/middleware/callbacks.rb:27:in `block in call'
activesupport (7.0.8) lib/active_support/callbacks.rb:99:in `run_callbacks'
actionpack (7.0.8) lib/action_dispatch/middleware/callbacks.rb:26:in `call'
actionpack (7.0.8) lib/action_dispatch/middleware/executor.rb:14:in `call'
actionpack (7.0.8) lib/action_dispatch/middleware/actionable_exceptions.rb:17:in `call'
sentry-rails (5.14.0) lib/sentry/rails/rescued_exception_interceptor.rb:12:in `call'
actionpack (7.0.8) lib/action_dispatch/middleware/debug_exceptions.rb:28:in `call'
web-console (4.2.1) lib/web_console/middleware.rb:132:in `call_app'
web-console (4.2.1) lib/web_console/middleware.rb:19:in `block in call'
web-console (4.2.1) lib/web_console/middleware.rb:17:in `catch'
web-console (4.2.1) lib/web_console/middleware.rb:17:in `call'
sentry-ruby (5.14.0) lib/sentry/rack/capture_exceptions.rb:28:in `block (2 levels) in call'
sentry-ruby (5.14.0) lib/sentry/hub.rb:251:in `with_session_tracking'
sentry-ruby (5.14.0) lib/sentry-ruby.rb:387:in `with_session_tracking'
sentry-ruby (5.14.0) lib/sentry/rack/capture_exceptions.rb:19:in `block in call'
sentry-ruby (5.14.0) lib/sentry/hub.rb:59:in `with_scope'
sentry-ruby (5.14.0) lib/sentry-ruby.rb:367:in `with_scope'
sentry-ruby (5.14.0) lib/sentry/rack/capture_exceptions.rb:18:in `call'
actionpack (7.0.8) lib/action_dispatch/middleware/show_exceptions.rb:29:in `call'
railties (7.0.8) lib/rails/rack/logger.rb:40:in `call_app'
railties (7.0.8) lib/rails/rack/logger.rb:25:in `block in call'
activesupport (7.0.8) lib/active_support/tagged_logging.rb:99:in `block in tagged'
activesupport (7.0.8) lib/active_support/tagged_logging.rb:37:in `tagged'
activesupport (7.0.8) lib/active_support/tagged_logging.rb:99:in `tagged'
railties (7.0.8) lib/rails/rack/logger.rb:25:in `call'
sprockets-rails (3.4.2) lib/sprockets/rails/quiet_assets.rb:13:in `call'
actionpack (7.0.8) lib/action_dispatch/middleware/remote_ip.rb:93:in `call'
request_store (1.5.1) lib/request_store/middleware.rb:19:in `call'
actionpack (7.0.8) lib/action_dispatch/middleware/request_id.rb:26:in `call'
rack (2.2.8) lib/rack/method_override.rb:24:in `call'
rack (2.2.8) lib/rack/runtime.rb:22:in `call'
activesupport (7.0.8) lib/active_support/cache/strategy/local_cache_middleware.rb:29:in `call'
actionpack (7.0.8) lib/action_dispatch/middleware/server_timing.rb:61:in `block in call'
actionpack (7.0.8) lib/action_dispatch/middleware/server_timing.rb:26:in `collect_events'
actionpack (7.0.8) lib/action_dispatch/middleware/server_timing.rb:60:in `call'
actionpack (7.0.8) lib/action_dispatch/middleware/executor.rb:14:in `call'
actionpack (7.0.8) lib/action_dispatch/middleware/static.rb:23:in `call'
rack (2.2.8) lib/rack/sendfile.rb:110:in `call'
actionpack (7.0.8) lib/action_dispatch/middleware/host_authorization.rb:138:in `call'
railties (7.0.8) lib/rails/engine.rb:530:in `call'
puma (6.4.0) lib/puma/configuration.rb:272:in `call'
puma (6.4.0) lib/puma/request.rb:100:in `block in handle_request'
puma (6.4.0) lib/puma/thread_pool.rb:378:in `with_force_shutdown'
puma (6.4.0) lib/puma/request.rb:99:in `handle_request'
puma (6.4.0) lib/puma/server.rb:443:in `process_client'
puma (6.4.0) lib/puma/server.rb:241:in `block in run'
puma (6.4.0) lib/puma/thread_pool.rb:155:in `block in spawn_thread'
User excluded error: #<AbstractController::ActionNotFound: The action 'home' could not be found for PagesController>
[Transport] Sending envelope with items [transaction, client_report] e38a964d4efd473aa4c2d814bb0b844e to Sentry
Started GET "/" for 172.18.0.1 at 2024-01-28 12:33:01 +0000
[Tracing] Starting <http.server> transaction </>
Cannot render console from 172.18.0.1! Allowed networks: 127.0.0.0/127.255.255.255, ::1
Processing by PagesController#show as HTML
  Rendering layout layouts/application.html.erb
  Rendering pages/show.html.erb within layouts/application
  Rendered pages/show.html.erb within layouts/application (Duration: 0.8ms | Allocations: 155)
  Rendered layout layouts/application.html.erb (Duration: 8.0ms | Allocations: 7185)
Completed 500 Internal Server Error in 17ms (ActiveRecord: 0.0ms | Allocations: 10179)


  
ActionView::Template::Error (The asset "tailwind.css" is not present in the asset pipeline.
):
     6:     <link href="https://cdnjs.cloudflare.com/ajax/libs/flowbite/2.2.1/flowbite.min.css" rel="stylesheet" />
     7:     <%= csrf_meta_tags %>
     8:     <%= csp_meta_tag %>
     9:     <%= stylesheet_link_tag "tailwind", "inter-font", "data-turbo-track": "reload" %>
    10: 
    11:     <%= stylesheet_link_tag "application", "data-turbo-track": "reload" %>
    12:     <%= javascript_importmap_tags %>
  
app/views/layouts/application.html.erb:9
[Transport] Sending envelope with items [event, client_report] 954d2f07539b4965ae73caa34d272e6f to Sentry
[Transport] Sending envelope with items [transaction] 47ee1b4625034201a93729bf1661ba34 to Sentry
[Transport] Sending envelope with items [sessions]  to Sentry
Started GET "/" for 172.18.0.1 at 2024-01-28 12:33:41 +0000
[Tracing] Starting <http.server> transaction </>
Cannot render console from 172.18.0.1! Allowed networks: 127.0.0.0/127.255.255.255, ::1
Processing by PagesController#show as HTML
  Rendering layout layouts/application.html.erb
  Rendering pages/show.html.erb within layouts/application
  Rendered pages/show.html.erb within layouts/application (Duration: 0.6ms | Allocations: 153)
  Rendered layout layouts/application.html.erb (Duration: 289.4ms | Allocations: 82206)
Completed 500 Internal Server Error in 291ms (ActiveRecord: 0.0ms | Allocations: 83342)


  
ActionView::Template::Error (undefined local variable or method `javascript_importmap_tags' for #<ActionView::Base:0x000000000246f8>):
     8:     <%= csp_meta_tag %>
     9: 
    10:     <%= stylesheet_link_tag "application", "data-turbo-track": "reload" %>
    11:     <%= javascript_importmap_tags %>
    12: 
    13:   </head>
    14: 
  
app/views/layouts/application.html.erb:11
[Transport] Sending envelope with items [event, client_report] 606c93841188445791c5b2f096725373 to Sentry
[Transport] Sending envelope with items [transaction] 3c9e13c11efb4c3e8b7d5259d1dc66bf to Sentry
Started GET "/" for 172.18.0.1 at 2024-01-28 12:33:51 +0000
[Tracing] Starting <http.server> transaction </>
Cannot render console from 172.18.0.1! Allowed networks: 127.0.0.0/127.255.255.255, ::1
Processing by PagesController#show as HTML
  Rendering layout layouts/application.html.erb
  Rendering pages/show.html.erb within layouts/application
  Rendered pages/show.html.erb within layouts/application (Duration: 0.8ms | Allocations: 156)
  Rendered layout layouts/application.html.erb (Duration: 4.0ms | Allocations: 5721)
Completed 200 OK in 7ms (Views: 5.6ms | ActiveRecord: 0.0ms | Allocations: 6924)


[Transport] Sending envelope with items [transaction] c3a70218c8f14154a5ed662aca061e5f to Sentry
  
ActionController::RoutingError (No route matches [GET] "/assets/home_page_image.jpg"):
  
[Transport] Sending envelope with items [sessions]  to Sentry
Started GET "/ipv4_quizzes" for 172.18.0.1 at 2024-01-28 12:34:10 +0000
[Tracing] Starting <http.server> transaction </ipv4_quizzes>
Cannot render console from 172.18.0.1! Allowed networks: 127.0.0.0/127.255.255.255, ::1
  
ActionController::RoutingError (No route matches [GET] "/ipv4_quizzes"):
  
[Transport] Sending envelope with items [transaction] cee22f1b07e24e35b95f39ef68981e52 to Sentry
Started GET "/ipv4_quizzes" for 172.18.0.1 at 2024-01-28 12:34:41 +0000
[Tracing] Starting <http.server> transaction </ipv4_quizzes>
Cannot render console from 172.18.0.1! Allowed networks: 127.0.0.0/127.255.255.255, ::1
  
ActionController::RoutingError (No route matches [GET] "/ipv4_quizzes"):
  
[Transport] Sending envelope with items [transaction, client_report] b4420eb506d7441aa119d8c14716f03f to Sentry
Started GET "/ipv4_quizzes" for 172.18.0.1 at 2024-01-28 12:34:48 +0000
[Tracing] Starting <http.server> transaction </ipv4_quizzes>
Cannot render console from 172.18.0.1! Allowed networks: 127.0.0.0/127.255.255.255, ::1
Processing by Ipv4QuizzesController#index as HTML
  Rendering layout layouts/application.html.erb
  Rendering ipv4_quizzes/index.html.erb within layouts/application
  Rendered ipv4_quizzes/index.html.erb within layouts/application (Duration: 0.8ms | Allocations: 260)
  Rendered layout layouts/application.html.erb (Duration: 3.2ms | Allocations: 1745)
Completed 200 OK in 5ms (Views: 4.5ms | ActiveRecord: 0.0ms | Allocations: 2871)


[Transport] Sending envelope with items [transaction] 71375bd31a1d4145adfa4d1ef65bbccb to Sentry
Started GET "/ipv4_quizzes/new" for 172.18.0.1 at 2024-01-28 12:34:50 +0000
[Tracing] Starting <http.server> transaction </ipv4_quizzes/new>
Cannot render console from 172.18.0.1! Allowed networks: 127.0.0.0/127.255.255.255, ::1
Processing by Ipv4QuizzesController#new as HTML
  Rendering layout layouts/application.html.erb
  Rendering ipv4_quizzes/new.html.erb within layouts/application
  Rendered ipv4_quizzes/new.html.erb within layouts/application (Duration: 0.5ms | Allocations: 102)
  Rendered layout layouts/application.html.erb (Duration: 3.0ms | Allocations: 1252)
Completed 200 OK in 4ms (Views: 3.7ms | ActiveRecord: 0.0ms | Allocations: 1605)


[Transport] Sending envelope with items [transaction] d14879d80778477dae18604fb488bf67 to Sentry
[Transport] Sending envelope with items [sessions]  to Sentry
Shutting down background worker
Killing session flusher
Shutting down background worker
Killing session flusher
